<?xml version="1.0" encoding="UTF-8"?>
<!-- Generated by org.testng.reporters.JUnitReportReporter -->
<testsuite skipped="0" hostname="XIPL0401" name="com.employeeapi.testCases.TC003_Post_EmployeeRecord" tests="3" failures="0" timestamp="07 Aug 2019 10:35:11 GMT" time="0.009" errors="0">
  <testcase name="checkResponBody" time="0.004" classname="com.employeeapi.testCases.TC003_Post_EmployeeRecord"/>
  <testcase name="checkContentType" time="0.003" classname="com.employeeapi.testCases.TC003_Post_EmployeeRecord"/>
  <testcase name="checkStatusCode" time="0.002" classname="com.employeeapi.testCases.TC003_Post_EmployeeRecord"/>
</testsuite> <!-- com.employeeapi.testCases.TC003_Post_EmployeeRecord -->
